# JRE version: OpenJDK Runtime Environment (11.0.3+12) (build 11.0.3+12-b304.39)
# Java VM: OpenJDK 64-Bit Server VM (11.0.3+12-b304.39, mixed mode, tiered, compressed oops, concurrent mark sweep gc, linux-amd64)
Heap:
 par new generation   total 39296K, used 3344K [0x00000000d1200000, 0x00000000d3ca0000, 0x00000000db860000)
  eden space 34944K,   8% used [0x00000000d1200000, 0x00000000d14f5fe8, 0x00000000d3420000)
  from space 4352K,   7% used [0x00000000d3420000, 0x00000000d346e360, 0x00000000d3860000)
  to   space 4352K,   0% used [0x00000000d3860000, 0x00000000d3860000, 0x00000000d3ca0000)
 concurrent mark-sweep generation total 428592K, used 351492K [0x00000000db860000, 0x00000000f5aec000, 0x0000000100000000)
 Metaspace       used 298137K, capacity 306935K, committed 307328K, reserved 1320960K
  class space    used 34030K, capacity 37345K, committed 37404K, reserved 1048576K
GC Heap History (10 events):
Event: 58236.844 GC heap before
{Heap before GC invocations=2313 (full 23):
 par new generation   total 39296K, used 35038K [0x00000000d1200000, 0x00000000d3ca0000, 0x00000000db860000)
  eden space 34944K, 100% used [0x00000000d1200000, 0x00000000d3420000, 0x00000000d3420000)
  from space 4352K,   2% used [0x00000000d3860000, 0x00000000d3877970, 0x00000000d3ca0000)
  to   space 4352K,   0% used [0x00000000d3420000, 0x00000000d3420000, 0x00000000d3860000)
 concurrent mark-sweep generation total 428592K, used 351479K [0x00000000db860000, 0x00000000f5aec000, 0x0000000100000000)
 Metaspace       used 297989K, capacity 306762K, committed 307072K, reserved 1320960K
  class space    used 34008K, capacity 37331K, committed 37404K, reserved 1048576K
}
Event: 58236.850 GC heap after
{Heap after GC invocations=2314 (full 23):
 par new generation   total 39296K, used 26K [0x00000000d1200000, 0x00000000d3ca0000, 0x00000000db860000)
  eden space 34944K,   0% used [0x00000000d1200000, 0x00000000d1200000, 0x00000000d3420000)
  from space 4352K,   0% used [0x00000000d3420000, 0x00000000d3426ad0, 0x00000000d3860000)
  to   space 4352K,   0% used [0x00000000d3860000, 0x00000000d3860000, 0x00000000d3ca0000)
 concurrent mark-sweep generation total 428592K, used 351490K [0x00000000db860000, 0x00000000f5aec000, 0x0000000100000000)
 Metaspace       used 297989K, capacity 306762K, committed 307072K, reserved 1320960K
  class space    used 34008K, capacity 37331K, committed 37404K, reserved 1048576K
}
Event: 58411.757 GC heap before
{Heap before GC invocations=2314 (full 23):
 par new generation   total 39296K, used 34970K [0x00000000d1200000, 0x00000000d3ca0000, 0x00000000db860000)
  eden space 34944K, 100% used [0x00000000d1200000, 0x00000000d3420000, 0x00000000d3420000)
  from space 4352K,   0% used [0x00000000d3420000, 0x00000000d3426ad0, 0x00000000d3860000)
  to   space 4352K,   0% used [0x00000000d3860000, 0x00000000d3860000, 0x00000000d3ca0000)
 concurrent mark-sweep generation total 428592K, used 351490K [0x00000000db860000, 0x00000000f5aec000, 0x0000000100000000)
 Metaspace       used 298001K, capacity 306768K, committed 307072K, reserved 1320960K
  class space    used 34010K, capacity 37333K, committed 37404K, reserved 1048576K
}
Event: 58411.764 GC heap after
{Heap after GC invocations=2315 (full 23):
 par new generation   total 39296K, used 38K [0x00000000d1200000, 0x00000000d3ca0000, 0x00000000db860000)
  eden space 34944K,   0% used [0x00000000d1200000, 0x00000000d1200000, 0x00000000d3420000)
  from space 4352K,   0% used [0x00000000d3860000, 0x00000000d3869a20, 0x00000000d3ca0000)
  to   space 4352K,   0% used [0x00000000d3420000, 0x00000000d3420000, 0x00000000d3860000)
 concurrent mark-sweep generation total 428592K, used 351491K [0x00000000db860000, 0x00000000f5aec000, 0x0000000100000000)
 Metaspace       used 298001K, capacity 306768K, committed 307072K, reserved 1320960K
  class space    used 34010K, capacity 37333K, committed 37404K, reserved 1048576K
}
Event: 58512.121 GC heap before
{Heap before GC invocations=2315 (full 23):
 par new generation   total 39296K, used 34982K [0x00000000d1200000, 0x00000000d3ca0000, 0x00000000db860000)
  eden space 34944K, 100% used [0x00000000d1200000, 0x00000000d3420000, 0x00000000d3420000)
  from space 4352K,   0% used [0x00000000d3860000, 0x00000000d3869a20, 0x00000000d3ca0000)
  to   space 4352K,   0% used [0x00000000d3420000, 0x00000000d3420000, 0x00000000d3860000)
 concurrent mark-sweep generation total 428592K, used 351491K [0x00000000db860000, 0x00000000f5aec000, 0x0000000100000000)
 Metaspace       used 298039K, capacity 306836K, committed 307072K, reserved 1320960K
  class space    used 34016K, capacity 37334K, committed 37404K, reserved 1048576K
}
Event: 58512.126 GC heap after
{Heap after GC invocations=2316 (full 23):
 par new generation   total 39296K, used 93K [0x00000000d1200000, 0x00000000d3ca0000, 0x00000000db860000)
  eden space 34944K,   0% used [0x00000000d1200000, 0x00000000d1200000, 0x00000000d3420000)
  from space 4352K,   2% used [0x00000000d3420000, 0x00000000d3437598, 0x00000000d3860000)
  to   space 4352K,   0% used [0x00000000d3860000, 0x00000000d3860000, 0x00000000d3ca0000)
 concurrent mark-sweep generation total 428592K, used 351492K [0x00000000db860000, 0x00000000f5aec000, 0x0000000100000000)
 Metaspace       used 298039K, capacity 306836K, committed 307072K, reserved 1320960K
  class space    used 34016K, capacity 37334K, committed 37404K, reserved 1048576K
}
Event: 58566.487 GC heap before
{Heap before GC invocations=2316 (full 23):
 par new generation   total 39296K, used 35037K [0x00000000d1200000, 0x00000000d3ca0000, 0x00000000db860000)
  eden space 34944K, 100% used [0x00000000d1200000, 0x00000000d3420000, 0x00000000d3420000)
  from space 4352K,   2% used [0x00000000d3420000, 0x00000000d3437598, 0x00000000d3860000)
  to   space 4352K,   0% used [0x00000000d3860000, 0x00000000d3860000, 0x00000000d3ca0000)
 concurrent mark-sweep generation total 428592K, used 351492K [0x00000000db860000, 0x00000000f5aec000, 0x0000000100000000)
 Metaspace       used 298041K, capacity 306836K, committed 307072K, reserved 1320960K
  class space    used 34016K, capacity 37334K, committed 37404K, reserved 1048576K
}
Event: 58566.494 GC heap after
{Heap after GC invocations=2317 (full 23):
 par new generation   total 39296K, used 265K [0x00000000d1200000, 0x00000000d3ca0000, 0x00000000db860000)
  eden space 34944K,   0% used [0x00000000d1200000, 0x00000000d1200000, 0x00000000d3420000)
  from space 4352K,   6% used [0x00000000d3860000, 0x00000000d38a2620, 0x00000000d3ca0000)
  to   space 4352K,   0% used [0x00000000d3420000, 0x00000000d3420000, 0x00000000d3860000)
 concurrent mark-sweep generation total 428592K, used 351492K [0x00000000db860000, 0x00000000f5aec000, 0x0000000100000000)
 Metaspace       used 298041K, capacity 306836K, committed 307072K, reserved 1320960K
  class space    used 34016K, capacity 37334K, committed 37404K, reserved 1048576K
}
Event: 58618.700 GC heap before
{Heap before GC invocations=2317 (full 23):
 par new generation   total 39296K, used 35209K [0x00000000d1200000, 0x00000000d3ca0000, 0x00000000db860000)
  eden space 34944K, 100% used [0x00000000d1200000, 0x00000000d3420000, 0x00000000d3420000)
  from space 4352K,   6% used [0x00000000d3860000, 0x00000000d38a2620, 0x00000000d3ca0000)
  to   space 4352K,   0% used [0x00000000d3420000, 0x00000000d3420000, 0x00000000d3860000)
 concurrent mark-sweep generation total 428592K, used 351492K [0x00000000db860000, 0x00000000f5aec000, 0x0000000100000000)
 Metaspace       used 298057K, capacity 306836K, committed 307072K, reserved 1320960K
  class space    used 34017K, capacity 37334K, committed 37404K, reserved 1048576K
}
Event: 58618.776 GC heap after
{Heap after GC invocations=2318 (full 23):
 par new generation   total 39296K, used 312K [0x00000000d1200000, 0x00000000d3ca0000, 0x00000000db860000)
  eden space 34944K,   0% used [0x00000000d1200000, 0x00000000d1200000, 0x00000000d3420000)
  from space 4352K,   7% used [0x00000000d3420000, 0x00000000d346e360, 0x00000000d3860000)
  to   space 4352K,   0% used [0x00000000d3860000, 0x00000000d3860000, 0x00000000d3ca0000)
 concurrent mark-sweep generation total 428592K, used 351492K [0x00000000db860000, 0x00000000f5aec000, 0x0000000100000000)
 Metaspace       used 298057K, capacity 306836K, committed 307072K, reserved 1320960K
  class space    used 34017K, capacity 37334K, committed 37404K, reserved 1048576K
}

